==857== Memcheck, a memory error detector
==857== Copyright (C) 2002-2017, and GNU GPL'd, by Julian Seward et al.
==857== Using Valgrind-3.15.0 and LibVEX; rerun with -h for copyright info
==857== Command: ./minishell
==857== 
exit
==857== 
==857== HEAP SUMMARY:
==857==     in use at exit: 204,535 bytes in 219 blocks
==857==   total heap usage: 478 allocs, 259 frees, 222,487 bytes allocated
==857== 
==857== 5 bytes in 1 blocks are still reachable in loss record 1 of 62
==857==    at 0x483B7F3: malloc (in /usr/lib/x86_64-linux-gnu/valgrind/vgpreload_memcheck-amd64-linux.so)
==857==    by 0x488B00C: xmalloc (in /usr/lib/x86_64-linux-gnu/libreadline.so.8.0)
==857==    by 0x48642AB: readline_internal_teardown (in /usr/lib/x86_64-linux-gnu/libreadline.so.8.0)
==857==    by 0x4865504: readline (in /usr/lib/x86_64-linux-gnu/libreadline.so.8.0)
==857==    by 0x10E7B1: main (in /home/vscode/src/minishell)
==857== 
==857== 5 bytes in 1 blocks are still reachable in loss record 2 of 62
==857==    at 0x483B7F3: malloc (in /usr/lib/x86_64-linux-gnu/valgrind/vgpreload_memcheck-amd64-linux.so)
==857==    by 0x488B00C: xmalloc (in /usr/lib/x86_64-linux-gnu/libreadline.so.8.0)
==857==    by 0x4884760: alloc_history_entry (in /usr/lib/x86_64-linux-gnu/libreadline.so.8.0)
==857==    by 0x4884A04: add_history (in /usr/lib/x86_64-linux-gnu/libreadline.so.8.0)
==857==    by 0x10E7FA: main (in /home/vscode/src/minishell)
==857== 
==857== 6 bytes in 1 blocks are still reachable in loss record 3 of 62
==857==    at 0x483B7F3: malloc (in /usr/lib/x86_64-linux-gnu/valgrind/vgpreload_memcheck-amd64-linux.so)
==857==    by 0x493E38E: strdup (strdup.c:42)
==857==    by 0x4AA1B67: ??? (in /usr/lib/x86_64-linux-gnu/libtinfo.so.6.2)
==857==    by 0x4AA231F: _nc_first_db (in /usr/lib/x86_64-linux-gnu/libtinfo.so.6.2)
==857==    by 0x4AABF8E: _nc_read_entry2 (in /usr/lib/x86_64-linux-gnu/libtinfo.so.6.2)
==857==    by 0x4AA4AF5: ??? (in /usr/lib/x86_64-linux-gnu/libtinfo.so.6.2)
==857==    by 0x4AA4F04: _nc_setupterm (in /usr/lib/x86_64-linux-gnu/libtinfo.so.6.2)
==857==    by 0x4AA5459: tgetent_sp (in /usr/lib/x86_64-linux-gnu/libtinfo.so.6.2)
==857==    by 0x488075B: _rl_init_terminal_io (in /usr/lib/x86_64-linux-gnu/libreadline.so.8.0)
==857==    by 0x48651FF: rl_initialize (in /usr/lib/x86_64-linux-gnu/libreadline.so.8.0)
==857==    by 0x48654AF: readline (in /usr/lib/x86_64-linux-gnu/libreadline.so.8.0)
==857==    by 0x10E7B1: main (in /home/vscode/src/minishell)
==857== 
==857== 6 bytes in 1 blocks are still reachable in loss record 4 of 62
==857==    at 0x483B7F3: malloc (in /usr/lib/x86_64-linux-gnu/valgrind/vgpreload_memcheck-amd64-linux.so)
==857==    by 0x493E38E: strdup (strdup.c:42)
==857==    by 0x4AA4F4F: _nc_setupterm (in /usr/lib/x86_64-linux-gnu/libtinfo.so.6.2)
==857==    by 0x4AA5459: tgetent_sp (in /usr/lib/x86_64-linux-gnu/libtinfo.so.6.2)
==857==    by 0x488075B: _rl_init_terminal_io (in /usr/lib/x86_64-linux-gnu/libreadline.so.8.0)
==857==    by 0x48651FF: rl_initialize (in /usr/lib/x86_64-linux-gnu/libreadline.so.8.0)
==857==    by 0x48654AF: readline (in /usr/lib/x86_64-linux-gnu/libreadline.so.8.0)
==857==    by 0x10E7B1: main (in /home/vscode/src/minishell)
==857== 
==857== 8 bytes in 1 blocks are still reachable in loss record 5 of 62
==857==    at 0x483B7F3: malloc (in /usr/lib/x86_64-linux-gnu/valgrind/vgpreload_memcheck-amd64-linux.so)
==857==    by 0x488B057: xrealloc (in /usr/lib/x86_64-linux-gnu/libreadline.so.8.0)
==857==    by 0x4876234: ??? (in /usr/lib/x86_64-linux-gnu/libreadline.so.8.0)
==857==    by 0x48767D5: rl_expand_prompt (in /usr/lib/x86_64-linux-gnu/libreadline.so.8.0)
==857==    by 0x4863FE5: rl_set_prompt (in /usr/lib/x86_64-linux-gnu/libreadline.so.8.0)
==857==    by 0x48654AA: readline (in /usr/lib/x86_64-linux-gnu/libreadline.so.8.0)
==857==    by 0x10E7B1: main (in /home/vscode/src/minishell)
==857== 
==857== 8 bytes in 1 blocks are still reachable in loss record 6 of 62
==857==    at 0x483B7F3: malloc (in /usr/lib/x86_64-linux-gnu/valgrind/vgpreload_memcheck-amd64-linux.so)
==857==    by 0x493E38E: strdup (strdup.c:42)
==857==    by 0x4AAC667: _nc_trim_sgr0 (in /usr/lib/x86_64-linux-gnu/libtinfo.so.6.2)
==857==    by 0x4AA5638: tgetent_sp (in /usr/lib/x86_64-linux-gnu/libtinfo.so.6.2)
==857==    by 0x488075B: _rl_init_terminal_io (in /usr/lib/x86_64-linux-gnu/libreadline.so.8.0)
==857==    by 0x48651FF: rl_initialize (in /usr/lib/x86_64-linux-gnu/libreadline.so.8.0)
==857==    by 0x48654AF: readline (in /usr/lib/x86_64-linux-gnu/libreadline.so.8.0)
==857==    by 0x10E7B1: main (in /home/vscode/src/minishell)
==857== 
==857== 12 bytes in 1 blocks are still reachable in loss record 7 of 62
==857==    at 0x483B7F3: malloc (in /usr/lib/x86_64-linux-gnu/valgrind/vgpreload_memcheck-amd64-linux.so)
==857==    by 0x488B00C: xmalloc (in /usr/lib/x86_64-linux-gnu/libreadline.so.8.0)
==857==    by 0x4864010: rl_set_prompt (in /usr/lib/x86_64-linux-gnu/libreadline.so.8.0)
==857==    by 0x48654AA: readline (in /usr/lib/x86_64-linux-gnu/libreadline.so.8.0)
==857==    by 0x10E7B1: main (in /home/vscode/src/minishell)
==857== 
==857== 12 bytes in 1 blocks are still reachable in loss record 8 of 62
==857==    at 0x483B7F3: malloc (in /usr/lib/x86_64-linux-gnu/valgrind/vgpreload_memcheck-amd64-linux.so)
==857==    by 0x488B00C: xmalloc (in /usr/lib/x86_64-linux-gnu/libreadline.so.8.0)
==857==    by 0x487663E: ??? (in /usr/lib/x86_64-linux-gnu/libreadline.so.8.0)
==857==    by 0x48767D5: rl_expand_prompt (in /usr/lib/x86_64-linux-gnu/libreadline.so.8.0)
==857==    by 0x4863FE5: rl_set_prompt (in /usr/lib/x86_64-linux-gnu/libreadline.so.8.0)
==857==    by 0x48654AA: readline (in /usr/lib/x86_64-linux-gnu/libreadline.so.8.0)
==857==    by 0x10E7B1: main (in /home/vscode/src/minishell)
==857== 
==857== 12 bytes in 1 blocks are still reachable in loss record 9 of 62
==857==    at 0x483B7F3: malloc (in /usr/lib/x86_64-linux-gnu/valgrind/vgpreload_memcheck-amd64-linux.so)
==857==    by 0x488B00C: xmalloc (in /usr/lib/x86_64-linux-gnu/libreadline.so.8.0)
==857==    by 0x48849E2: add_history (in /usr/lib/x86_64-linux-gnu/libreadline.so.8.0)
==857==    by 0x10E7FA: main (in /home/vscode/src/minishell)
==857== 
==857== 13 bytes in 1 blocks are still reachable in loss record 10 of 62
==857==    at 0x483B7F3: malloc (in /usr/lib/x86_64-linux-gnu/valgrind/vgpreload_memcheck-amd64-linux.so)
==857==    by 0x488B00C: xmalloc (in /usr/lib/x86_64-linux-gnu/libreadline.so.8.0)
==857==    by 0x4872CF2: ??? (in /usr/lib/x86_64-linux-gnu/libreadline.so.8.0)
==857==    by 0x4865228: rl_initialize (in /usr/lib/x86_64-linux-gnu/libreadline.so.8.0)
==857==    by 0x48654AF: readline (in /usr/lib/x86_64-linux-gnu/libreadline.so.8.0)
==857==    by 0x10E7B1: main (in /home/vscode/src/minishell)
==857== 
==857== 14 bytes in 1 blocks are still reachable in loss record 11 of 62
==857==    at 0x483DFAF: realloc (in /usr/lib/x86_64-linux-gnu/valgrind/vgpreload_memcheck-amd64-linux.so)
==857==    by 0x4AA23B7: _nc_doalloc (in /usr/lib/x86_64-linux-gnu/libtinfo.so.6.2)
==857==    by 0x4AA6D3E: tparm (in /usr/lib/x86_64-linux-gnu/libtinfo.so.6.2)
==857==    by 0x4AAC3E4: ??? (in /usr/lib/x86_64-linux-gnu/libtinfo.so.6.2)
==857==    by 0x4AAC659: _nc_trim_sgr0 (in /usr/lib/x86_64-linux-gnu/libtinfo.so.6.2)
==857==    by 0x4AA5638: tgetent_sp (in /usr/lib/x86_64-linux-gnu/libtinfo.so.6.2)
==857==    by 0x488075B: _rl_init_terminal_io (in /usr/lib/x86_64-linux-gnu/libreadline.so.8.0)
==857==    by 0x48651FF: rl_initialize (in /usr/lib/x86_64-linux-gnu/libreadline.so.8.0)
==857==    by 0x48654AF: readline (in /usr/lib/x86_64-linux-gnu/libreadline.so.8.0)
==857==    by 0x10E7B1: main (in /home/vscode/src/minishell)
==857== 
==857== 16 bytes in 1 blocks are still reachable in loss record 12 of 62
==857==    at 0x483B7F3: malloc (in /usr/lib/x86_64-linux-gnu/valgrind/vgpreload_memcheck-amd64-linux.so)
==857==    by 0x4865317: rl_initialize (in /usr/lib/x86_64-linux-gnu/libreadline.so.8.0)
==857==    by 0x48654AF: readline (in /usr/lib/x86_64-linux-gnu/libreadline.so.8.0)
==857==    by 0x10E7B1: main (in /home/vscode/src/minishell)
==857== 
==857== 18 bytes in 1 blocks are still reachable in loss record 13 of 62
==857==    at 0x483B7F3: malloc (in /usr/lib/x86_64-linux-gnu/valgrind/vgpreload_memcheck-amd64-linux.so)
==857==    by 0x4AA2794: _nc_home_terminfo (in /usr/lib/x86_64-linux-gnu/libtinfo.so.6.2)
==857==    by 0x4AA2309: _nc_first_db (in /usr/lib/x86_64-linux-gnu/libtinfo.so.6.2)
==857==    by 0x4AABF8E: _nc_read_entry2 (in /usr/lib/x86_64-linux-gnu/libtinfo.so.6.2)
==857==    by 0x4AA4AF5: ??? (in /usr/lib/x86_64-linux-gnu/libtinfo.so.6.2)
==857==    by 0x4AA4F04: _nc_setupterm (in /usr/lib/x86_64-linux-gnu/libtinfo.so.6.2)
==857==    by 0x4AA5459: tgetent_sp (in /usr/lib/x86_64-linux-gnu/libtinfo.so.6.2)
==857==    by 0x488075B: _rl_init_terminal_io (in /usr/lib/x86_64-linux-gnu/libreadline.so.8.0)
==857==    by 0x48651FF: rl_initialize (in /usr/lib/x86_64-linux-gnu/libreadline.so.8.0)
==857==    by 0x48654AF: readline (in /usr/lib/x86_64-linux-gnu/libreadline.so.8.0)
==857==    by 0x10E7B1: main (in /home/vscode/src/minishell)
==857== 
==857== 20 bytes in 1 blocks are still reachable in loss record 14 of 62
==857==    at 0x483B7F3: malloc (in /usr/lib/x86_64-linux-gnu/valgrind/vgpreload_memcheck-amd64-linux.so)
==857==    by 0x488B00C: xmalloc (in /usr/lib/x86_64-linux-gnu/libreadline.so.8.0)
==857==    by 0x48739D3: ??? (in /usr/lib/x86_64-linux-gnu/libreadline.so.8.0)
==857==    by 0x4872818: rl_parse_and_bind (in /usr/lib/x86_64-linux-gnu/libreadline.so.8.0)
==857==    by 0x4872C6C: ??? (in /usr/lib/x86_64-linux-gnu/libreadline.so.8.0)
==857==    by 0x4865228: rl_initialize (in /usr/lib/x86_64-linux-gnu/libreadline.so.8.0)
==857==    by 0x48654AF: readline (in /usr/lib/x86_64-linux-gnu/libreadline.so.8.0)
==857==    by 0x10E7B1: main (in /home/vscode/src/minishell)
==857== 
==857== 24 bytes in 1 blocks are still reachable in loss record 15 of 62
==857==    at 0x483B7F3: malloc (in /usr/lib/x86_64-linux-gnu/valgrind/vgpreload_memcheck-amd64-linux.so)
==857==    by 0x488B00C: xmalloc (in /usr/lib/x86_64-linux-gnu/libreadline.so.8.0)
==857==    by 0x4884747: alloc_history_entry (in /usr/lib/x86_64-linux-gnu/libreadline.so.8.0)
==857==    by 0x4884A04: add_history (in /usr/lib/x86_64-linux-gnu/libreadline.so.8.0)
==857==    by 0x10E7FA: main (in /home/vscode/src/minishell)
==857== 
==857== 46 bytes in 1 blocks are still reachable in loss record 16 of 62
==857==    at 0x483DFAF: realloc (in /usr/lib/x86_64-linux-gnu/valgrind/vgpreload_memcheck-amd64-linux.so)
==857==    by 0x4AA23B7: _nc_doalloc (in /usr/lib/x86_64-linux-gnu/libtinfo.so.6.2)
==857==    by 0x4AAB674: _nc_read_termtype (in /usr/lib/x86_64-linux-gnu/libtinfo.so.6.2)
==857==    by 0x4AABA8C: ??? (in /usr/lib/x86_64-linux-gnu/libtinfo.so.6.2)
==857==    by 0x4AABE83: ??? (in /usr/lib/x86_64-linux-gnu/libtinfo.so.6.2)
==857==    by 0x4AABFB4: _nc_read_entry2 (in /usr/lib/x86_64-linux-gnu/libtinfo.so.6.2)
==857==    by 0x4AA4AF5: ??? (in /usr/lib/x86_64-linux-gnu/libtinfo.so.6.2)
==857==    by 0x4AA4F04: _nc_setupterm (in /usr/lib/x86_64-linux-gnu/libtinfo.so.6.2)
==857==    by 0x4AA5459: tgetent_sp (in /usr/lib/x86_64-linux-gnu/libtinfo.so.6.2)
==857==    by 0x488075B: _rl_init_terminal_io (in /usr/lib/x86_64-linux-gnu/libreadline.so.8.0)
==857==    by 0x48651FF: rl_initialize (in /usr/lib/x86_64-linux-gnu/libreadline.so.8.0)
==857==    by 0x48654AF: readline (in /usr/lib/x86_64-linux-gnu/libreadline.so.8.0)
==857== 
==857== 46 bytes in 1 blocks are still reachable in loss record 17 of 62
==857==    at 0x483B7F3: malloc (in /usr/lib/x86_64-linux-gnu/valgrind/vgpreload_memcheck-amd64-linux.so)
==857==    by 0x4AA024E: ??? (in /usr/lib/x86_64-linux-gnu/libtinfo.so.6.2)
==857==    by 0x4AA4F1B: _nc_setupterm (in /usr/lib/x86_64-linux-gnu/libtinfo.so.6.2)
==857==    by 0x4AA5459: tgetent_sp (in /usr/lib/x86_64-linux-gnu/libtinfo.so.6.2)
==857==    by 0x488075B: _rl_init_terminal_io (in /usr/lib/x86_64-linux-gnu/libreadline.so.8.0)
==857==    by 0x48651FF: rl_initialize (in /usr/lib/x86_64-linux-gnu/libreadline.so.8.0)
==857==    by 0x48654AF: readline (in /usr/lib/x86_64-linux-gnu/libreadline.so.8.0)
==857==    by 0x10E7B1: main (in /home/vscode/src/minishell)
==857== 
==857== 48 bytes in 1 blocks are still reachable in loss record 18 of 62
==857==    at 0x483DD99: calloc (in /usr/lib/x86_64-linux-gnu/valgrind/vgpreload_memcheck-amd64-linux.so)
==857==    by 0x4AA1F2B: _nc_first_db (in /usr/lib/x86_64-linux-gnu/libtinfo.so.6.2)
==857==    by 0x4AABF8E: _nc_read_entry2 (in /usr/lib/x86_64-linux-gnu/libtinfo.so.6.2)
==857==    by 0x4AA4AF5: ??? (in /usr/lib/x86_64-linux-gnu/libtinfo.so.6.2)
==857==    by 0x4AA4F04: _nc_setupterm (in /usr/lib/x86_64-linux-gnu/libtinfo.so.6.2)
==857==    by 0x4AA5459: tgetent_sp (in /usr/lib/x86_64-linux-gnu/libtinfo.so.6.2)
==857==    by 0x488075B: _rl_init_terminal_io (in /usr/lib/x86_64-linux-gnu/libreadline.so.8.0)
==857==    by 0x48651FF: rl_initialize (in /usr/lib/x86_64-linux-gnu/libreadline.so.8.0)
==857==    by 0x48654AF: readline (in /usr/lib/x86_64-linux-gnu/libreadline.so.8.0)
==857==    by 0x10E7B1: main (in /home/vscode/src/minishell)
==857== 
==857== 78 bytes in 1 blocks are still reachable in loss record 19 of 62
==857==    at 0x483B7F3: malloc (in /usr/lib/x86_64-linux-gnu/valgrind/vgpreload_memcheck-amd64-linux.so)
==857==    by 0x4AA02BF: ??? (in /usr/lib/x86_64-linux-gnu/libtinfo.so.6.2)
==857==    by 0x4AA4F1B: _nc_setupterm (in /usr/lib/x86_64-linux-gnu/libtinfo.so.6.2)
==857==    by 0x4AA5459: tgetent_sp (in /usr/lib/x86_64-linux-gnu/libtinfo.so.6.2)
==857==    by 0x488075B: _rl_init_terminal_io (in /usr/lib/x86_64-linux-gnu/libreadline.so.8.0)
==857==    by 0x48651FF: rl_initialize (in /usr/lib/x86_64-linux-gnu/libreadline.so.8.0)
==857==    by 0x48654AF: readline (in /usr/lib/x86_64-linux-gnu/libreadline.so.8.0)
==857==    by 0x10E7B1: main (in /home/vscode/src/minishell)
==857== 
==857== 87 bytes in 1 blocks are still reachable in loss record 20 of 62
==857==    at 0x483B7F3: malloc (in /usr/lib/x86_64-linux-gnu/valgrind/vgpreload_memcheck-amd64-linux.so)
==857==    by 0x4AA1E94: _nc_first_db (in /usr/lib/x86_64-linux-gnu/libtinfo.so.6.2)
==857==    by 0x4AABF8E: _nc_read_entry2 (in /usr/lib/x86_64-linux-gnu/libtinfo.so.6.2)
==857==    by 0x4AA4AF5: ??? (in /usr/lib/x86_64-linux-gnu/libtinfo.so.6.2)
==857==    by 0x4AA4F04: _nc_setupterm (in /usr/lib/x86_64-linux-gnu/libtinfo.so.6.2)
==857==    by 0x4AA5459: tgetent_sp (in /usr/lib/x86_64-linux-gnu/libtinfo.so.6.2)
==857==    by 0x488075B: _rl_init_terminal_io (in /usr/lib/x86_64-linux-gnu/libreadline.so.8.0)
==857==    by 0x48651FF: rl_initialize (in /usr/lib/x86_64-linux-gnu/libreadline.so.8.0)
==857==    by 0x48654AF: readline (in /usr/lib/x86_64-linux-gnu/libreadline.so.8.0)
==857==    by 0x10E7B1: main (in /home/vscode/src/minishell)
==857== 
==857== 94 bytes in 1 blocks are still reachable in loss record 21 of 62
==857==    at 0x483B7F3: malloc (in /usr/lib/x86_64-linux-gnu/valgrind/vgpreload_memcheck-amd64-linux.so)
==857==    by 0x4AA6642: _nc_tparm_analyze (in /usr/lib/x86_64-linux-gnu/libtinfo.so.6.2)
==857==    by 0x4AA68CB: tparm (in /usr/lib/x86_64-linux-gnu/libtinfo.so.6.2)
==857==    by 0x4AAC3E4: ??? (in /usr/lib/x86_64-linux-gnu/libtinfo.so.6.2)
==857==    by 0x4AAC659: _nc_trim_sgr0 (in /usr/lib/x86_64-linux-gnu/libtinfo.so.6.2)
==857==    by 0x4AA5638: tgetent_sp (in /usr/lib/x86_64-linux-gnu/libtinfo.so.6.2)
==857==    by 0x488075B: _rl_init_terminal_io (in /usr/lib/x86_64-linux-gnu/libreadline.so.8.0)
==857==    by 0x48651FF: rl_initialize (in /usr/lib/x86_64-linux-gnu/libreadline.so.8.0)
==857==    by 0x48654AF: readline (in /usr/lib/x86_64-linux-gnu/libreadline.so.8.0)
==857==    by 0x10E7B1: main (in /home/vscode/src/minishell)
==857== 
==857== 156 bytes in 1 blocks are still reachable in loss record 22 of 62
==857==    at 0x483DFAF: realloc (in /usr/lib/x86_64-linux-gnu/valgrind/vgpreload_memcheck-amd64-linux.so)
==857==    by 0x4AA23B7: _nc_doalloc (in /usr/lib/x86_64-linux-gnu/libtinfo.so.6.2)
==857==    by 0x4AAB692: _nc_read_termtype (in /usr/lib/x86_64-linux-gnu/libtinfo.so.6.2)
==857==    by 0x4AABA8C: ??? (in /usr/lib/x86_64-linux-gnu/libtinfo.so.6.2)
==857==    by 0x4AABE83: ??? (in /usr/lib/x86_64-linux-gnu/libtinfo.so.6.2)
==857==    by 0x4AABFB4: _nc_read_entry2 (in /usr/lib/x86_64-linux-gnu/libtinfo.so.6.2)
==857==    by 0x4AA4AF5: ??? (in /usr/lib/x86_64-linux-gnu/libtinfo.so.6.2)
==857==    by 0x4AA4F04: _nc_setupterm (in /usr/lib/x86_64-linux-gnu/libtinfo.so.6.2)
==857==    by 0x4AA5459: tgetent_sp (in /usr/lib/x86_64-linux-gnu/libtinfo.so.6.2)
==857==    by 0x488075B: _rl_init_terminal_io (in /usr/lib/x86_64-linux-gnu/libreadline.so.8.0)
==857==    by 0x48651FF: rl_initialize (in /usr/lib/x86_64-linux-gnu/libreadline.so.8.0)
==857==    by 0x48654AF: readline (in /usr/lib/x86_64-linux-gnu/libreadline.so.8.0)
==857== 
==857== 256 bytes in 1 blocks are still reachable in loss record 23 of 62
==857==    at 0x483B7F3: malloc (in /usr/lib/x86_64-linux-gnu/valgrind/vgpreload_memcheck-amd64-linux.so)
==857==    by 0x488B00C: xmalloc (in /usr/lib/x86_64-linux-gnu/libreadline.so.8.0)
==857==    by 0x4865466: rl_initialize (in /usr/lib/x86_64-linux-gnu/libreadline.so.8.0)
==857==    by 0x48654AF: readline (in /usr/lib/x86_64-linux-gnu/libreadline.so.8.0)
==857==    by 0x10E7B1: main (in /home/vscode/src/minishell)
==857== 
==857== 280 bytes in 1 blocks are still reachable in loss record 24 of 62
==857==    at 0x483DD99: calloc (in /usr/lib/x86_64-linux-gnu/valgrind/vgpreload_memcheck-amd64-linux.so)
==857==    by 0x4AA4EB7: _nc_setupterm (in /usr/lib/x86_64-linux-gnu/libtinfo.so.6.2)
==857==    by 0x4AA5459: tgetent_sp (in /usr/lib/x86_64-linux-gnu/libtinfo.so.6.2)
==857==    by 0x488075B: _rl_init_terminal_io (in /usr/lib/x86_64-linux-gnu/libreadline.so.8.0)
==857==    by 0x48651FF: rl_initialize (in /usr/lib/x86_64-linux-gnu/libreadline.so.8.0)
==857==    by 0x48654AF: readline (in /usr/lib/x86_64-linux-gnu/libreadline.so.8.0)
==857==    by 0x10E7B1: main (in /home/vscode/src/minishell)
==857== 
==857== 496 bytes in 1 blocks are still reachable in loss record 25 of 62
==857==    at 0x483DD99: calloc (in /usr/lib/x86_64-linux-gnu/valgrind/vgpreload_memcheck-amd64-linux.so)
==857==    by 0x4AAB8FB: _nc_read_termtype (in /usr/lib/x86_64-linux-gnu/libtinfo.so.6.2)
==857==    by 0x4AABA8C: ??? (in /usr/lib/x86_64-linux-gnu/libtinfo.so.6.2)
==857==    by 0x4AABE83: ??? (in /usr/lib/x86_64-linux-gnu/libtinfo.so.6.2)
==857==    by 0x4AABFB4: _nc_read_entry2 (in /usr/lib/x86_64-linux-gnu/libtinfo.so.6.2)
==857==    by 0x4AA4AF5: ??? (in /usr/lib/x86_64-linux-gnu/libtinfo.so.6.2)
==857==    by 0x4AA4F04: _nc_setupterm (in /usr/lib/x86_64-linux-gnu/libtinfo.so.6.2)
==857==    by 0x4AA5459: tgetent_sp (in /usr/lib/x86_64-linux-gnu/libtinfo.so.6.2)
==857==    by 0x488075B: _rl_init_terminal_io (in /usr/lib/x86_64-linux-gnu/libreadline.so.8.0)
==857==    by 0x48651FF: rl_initialize (in /usr/lib/x86_64-linux-gnu/libreadline.so.8.0)
==857==    by 0x48654AF: readline (in /usr/lib/x86_64-linux-gnu/libreadline.so.8.0)
==857==    by 0x10E7B1: main (in /home/vscode/src/minishell)
==857== 
==857== 496 bytes in 1 blocks are still reachable in loss record 26 of 62
==857==    at 0x483B7F3: malloc (in /usr/lib/x86_64-linux-gnu/valgrind/vgpreload_memcheck-amd64-linux.so)
==857==    by 0x4AA0399: ??? (in /usr/lib/x86_64-linux-gnu/libtinfo.so.6.2)
==857==    by 0x4AA4F1B: _nc_setupterm (in /usr/lib/x86_64-linux-gnu/libtinfo.so.6.2)
==857==    by 0x4AA5459: tgetent_sp (in /usr/lib/x86_64-linux-gnu/libtinfo.so.6.2)
==857==    by 0x488075B: _rl_init_terminal_io (in /usr/lib/x86_64-linux-gnu/libreadline.so.8.0)
==857==    by 0x48651FF: rl_initialize (in /usr/lib/x86_64-linux-gnu/libreadline.so.8.0)
==857==    by 0x48654AF: readline (in /usr/lib/x86_64-linux-gnu/libreadline.so.8.0)
==857==    by 0x10E7B1: main (in /home/vscode/src/minishell)
==857== 
==857== 755 bytes in 1 blocks are still reachable in loss record 27 of 62
==857==    at 0x483B7F3: malloc (in /usr/lib/x86_64-linux-gnu/valgrind/vgpreload_memcheck-amd64-linux.so)
==857==    by 0x4AAB97B: _nc_read_termtype (in /usr/lib/x86_64-linux-gnu/libtinfo.so.6.2)
==857==    by 0x4AABA8C: ??? (in /usr/lib/x86_64-linux-gnu/libtinfo.so.6.2)
==857==    by 0x4AABE83: ??? (in /usr/lib/x86_64-linux-gnu/libtinfo.so.6.2)
==857==    by 0x4AABFB4: _nc_read_entry2 (in /usr/lib/x86_64-linux-gnu/libtinfo.so.6.2)
==857==    by 0x4AA4AF5: ??? (in /usr/lib/x86_64-linux-gnu/libtinfo.so.6.2)
==857==    by 0x4AA4F04: _nc_setupterm (in /usr/lib/x86_64-linux-gnu/libtinfo.so.6.2)
==857==    by 0x4AA5459: tgetent_sp (in /usr/lib/x86_64-linux-gnu/libtinfo.so.6.2)
==857==    by 0x488075B: _rl_init_terminal_io (in /usr/lib/x86_64-linux-gnu/libreadline.so.8.0)
==857==    by 0x48651FF: rl_initialize (in /usr/lib/x86_64-linux-gnu/libreadline.so.8.0)
==857==    by 0x48654AF: readline (in /usr/lib/x86_64-linux-gnu/libreadline.so.8.0)
==857==    by 0x10E7B1: main (in /home/vscode/src/minishell)
==857== 
==857== 1,024 bytes in 1 blocks are still reachable in loss record 28 of 62
==857==    at 0x483B7F3: malloc (in /usr/lib/x86_64-linux-gnu/valgrind/vgpreload_memcheck-amd64-linux.so)
==857==    by 0x488B00C: xmalloc (in /usr/lib/x86_64-linux-gnu/libreadline.so.8.0)
==857==    by 0x4875B8A: ??? (in /usr/lib/x86_64-linux-gnu/libreadline.so.8.0)
==857==    by 0x487B0E6: rl_redisplay (in /usr/lib/x86_64-linux-gnu/libreadline.so.8.0)
==857==    by 0x48640F6: readline_internal_setup (in /usr/lib/x86_64-linux-gnu/libreadline.so.8.0)
==857==    by 0x48654D3: readline (in /usr/lib/x86_64-linux-gnu/libreadline.so.8.0)
==857==    by 0x10E7B1: main (in /home/vscode/src/minishell)
==857== 
==857== 1,024 bytes in 1 blocks are still reachable in loss record 29 of 62
==857==    at 0x483B7F3: malloc (in /usr/lib/x86_64-linux-gnu/valgrind/vgpreload_memcheck-amd64-linux.so)
==857==    by 0x488B00C: xmalloc (in /usr/lib/x86_64-linux-gnu/libreadline.so.8.0)
==857==    by 0x4875BA0: ??? (in /usr/lib/x86_64-linux-gnu/libreadline.so.8.0)
==857==    by 0x487B0E6: rl_redisplay (in /usr/lib/x86_64-linux-gnu/libreadline.so.8.0)
==857==    by 0x48640F6: readline_internal_setup (in /usr/lib/x86_64-linux-gnu/libreadline.so.8.0)
==857==    by 0x48654D3: readline (in /usr/lib/x86_64-linux-gnu/libreadline.so.8.0)
==857==    by 0x10E7B1: main (in /home/vscode/src/minishell)
==857== 
==857== 1,024 bytes in 1 blocks are still reachable in loss record 30 of 62
==857==    at 0x483B7F3: malloc (in /usr/lib/x86_64-linux-gnu/valgrind/vgpreload_memcheck-amd64-linux.so)
==857==    by 0x488B00C: xmalloc (in /usr/lib/x86_64-linux-gnu/libreadline.so.8.0)
==857==    by 0x4875BE8: ??? (in /usr/lib/x86_64-linux-gnu/libreadline.so.8.0)
==857==    by 0x487B0E6: rl_redisplay (in /usr/lib/x86_64-linux-gnu/libreadline.so.8.0)
==857==    by 0x48640F6: readline_internal_setup (in /usr/lib/x86_64-linux-gnu/libreadline.so.8.0)
==857==    by 0x48654D3: readline (in /usr/lib/x86_64-linux-gnu/libreadline.so.8.0)
==857==    by 0x10E7B1: main (in /home/vscode/src/minishell)
==857== 
==857== 1,024 bytes in 1 blocks are still reachable in loss record 31 of 62
==857==    at 0x483B7F3: malloc (in /usr/lib/x86_64-linux-gnu/valgrind/vgpreload_memcheck-amd64-linux.so)
==857==    by 0x488B00C: xmalloc (in /usr/lib/x86_64-linux-gnu/libreadline.so.8.0)
==857==    by 0x4875C07: ??? (in /usr/lib/x86_64-linux-gnu/libreadline.so.8.0)
==857==    by 0x487B0E6: rl_redisplay (in /usr/lib/x86_64-linux-gnu/libreadline.so.8.0)
==857==    by 0x48640F6: readline_internal_setup (in /usr/lib/x86_64-linux-gnu/libreadline.so.8.0)
==857==    by 0x48654D3: readline (in /usr/lib/x86_64-linux-gnu/libreadline.so.8.0)
==857==    by 0x10E7B1: main (in /home/vscode/src/minishell)
==857== 
==857== 1,024 bytes in 1 blocks are still reachable in loss record 32 of 62
==857==    at 0x483B7F3: malloc (in /usr/lib/x86_64-linux-gnu/valgrind/vgpreload_memcheck-amd64-linux.so)
==857==    by 0x488B00C: xmalloc (in /usr/lib/x86_64-linux-gnu/libreadline.so.8.0)
==857==    by 0x4875C1F: ??? (in /usr/lib/x86_64-linux-gnu/libreadline.so.8.0)
==857==    by 0x487B0E6: rl_redisplay (in /usr/lib/x86_64-linux-gnu/libreadline.so.8.0)
==857==    by 0x48640F6: readline_internal_setup (in /usr/lib/x86_64-linux-gnu/libreadline.so.8.0)
==857==    by 0x48654D3: readline (in /usr/lib/x86_64-linux-gnu/libreadline.so.8.0)
==857==    by 0x10E7B1: main (in /home/vscode/src/minishell)
==857== 
==857== 1,024 bytes in 1 blocks are still reachable in loss record 33 of 62
==857==    at 0x483B7F3: malloc (in /usr/lib/x86_64-linux-gnu/valgrind/vgpreload_memcheck-amd64-linux.so)
==857==    by 0x488B00C: xmalloc (in /usr/lib/x86_64-linux-gnu/libreadline.so.8.0)
==857==    by 0x4875C37: ??? (in /usr/lib/x86_64-linux-gnu/libreadline.so.8.0)
==857==    by 0x487B0E6: rl_redisplay (in /usr/lib/x86_64-linux-gnu/libreadline.so.8.0)
==857==    by 0x48640F6: readline_internal_setup (in /usr/lib/x86_64-linux-gnu/libreadline.so.8.0)
==857==    by 0x48654D3: readline (in /usr/lib/x86_64-linux-gnu/libreadline.so.8.0)
==857==    by 0x10E7B1: main (in /home/vscode/src/minishell)
==857== 
==857== 1,486 bytes in 1 blocks are still reachable in loss record 34 of 62
==857==    at 0x483B7F3: malloc (in /usr/lib/x86_64-linux-gnu/valgrind/vgpreload_memcheck-amd64-linux.so)
==857==    by 0x4AAAFF2: _nc_read_termtype (in /usr/lib/x86_64-linux-gnu/libtinfo.so.6.2)
==857==    by 0x4AABA8C: ??? (in /usr/lib/x86_64-linux-gnu/libtinfo.so.6.2)
==857==    by 0x4AABE83: ??? (in /usr/lib/x86_64-linux-gnu/libtinfo.so.6.2)
==857==    by 0x4AABFB4: _nc_read_entry2 (in /usr/lib/x86_64-linux-gnu/libtinfo.so.6.2)
==857==    by 0x4AA4AF5: ??? (in /usr/lib/x86_64-linux-gnu/libtinfo.so.6.2)
==857==    by 0x4AA4F04: _nc_setupterm (in /usr/lib/x86_64-linux-gnu/libtinfo.so.6.2)
==857==    by 0x4AA5459: tgetent_sp (in /usr/lib/x86_64-linux-gnu/libtinfo.so.6.2)
==857==    by 0x488075B: _rl_init_terminal_io (in /usr/lib/x86_64-linux-gnu/libreadline.so.8.0)
==857==    by 0x48651FF: rl_initialize (in /usr/lib/x86_64-linux-gnu/libreadline.so.8.0)
==857==    by 0x48654AF: readline (in /usr/lib/x86_64-linux-gnu/libreadline.so.8.0)
==857==    by 0x10E7B1: main (in /home/vscode/src/minishell)
==857== 
==857== 1,536 bytes in 1 blocks are still reachable in loss record 35 of 62
==857==    at 0x483DFAF: realloc (in /usr/lib/x86_64-linux-gnu/valgrind/vgpreload_memcheck-amd64-linux.so)
==857==    by 0x488B041: xrealloc (in /usr/lib/x86_64-linux-gnu/libreadline.so.8.0)
==857==    by 0x4869944: rl_add_funmap_entry (in /usr/lib/x86_64-linux-gnu/libreadline.so.8.0)
==857==    by 0x4869998: rl_initialize_funmap (in /usr/lib/x86_64-linux-gnu/libreadline.so.8.0)
==857==    by 0x486521C: rl_initialize (in /usr/lib/x86_64-linux-gnu/libreadline.so.8.0)
==857==    by 0x48654AF: readline (in /usr/lib/x86_64-linux-gnu/libreadline.so.8.0)
==857==    by 0x10E7B1: main (in /home/vscode/src/minishell)
==857== 
==857== 2,032 bytes in 1 blocks are still reachable in loss record 36 of 62
==857==    at 0x483B7F3: malloc (in /usr/lib/x86_64-linux-gnu/valgrind/vgpreload_memcheck-amd64-linux.so)
==857==    by 0x488B00C: xmalloc (in /usr/lib/x86_64-linux-gnu/libreadline.so.8.0)
==857==    by 0x4880999: _rl_init_terminal_io (in /usr/lib/x86_64-linux-gnu/libreadline.so.8.0)
==857==    by 0x48651FF: rl_initialize (in /usr/lib/x86_64-linux-gnu/libreadline.so.8.0)
==857==    by 0x48654AF: readline (in /usr/lib/x86_64-linux-gnu/libreadline.so.8.0)
==857==    by 0x10E7B1: main (in /home/vscode/src/minishell)
==857== 
==857== 2,208 bytes in 138 blocks are still reachable in loss record 37 of 62
==857==    at 0x483B7F3: malloc (in /usr/lib/x86_64-linux-gnu/valgrind/vgpreload_memcheck-amd64-linux.so)
==857==    by 0x488B00C: xmalloc (in /usr/lib/x86_64-linux-gnu/libreadline.so.8.0)
==857==    by 0x48698F0: rl_add_funmap_entry (in /usr/lib/x86_64-linux-gnu/libreadline.so.8.0)
==857==    by 0x4869998: rl_initialize_funmap (in /usr/lib/x86_64-linux-gnu/libreadline.so.8.0)
==857==    by 0x486521C: rl_initialize (in /usr/lib/x86_64-linux-gnu/libreadline.so.8.0)
==857==    by 0x48654AF: readline (in /usr/lib/x86_64-linux-gnu/libreadline.so.8.0)
==857==    by 0x10E7B1: main (in /home/vscode/src/minishell)
==857== 
==857== 3,792 bytes in 1 blocks are still reachable in loss record 38 of 62
==857==    at 0x483DFAF: realloc (in /usr/lib/x86_64-linux-gnu/valgrind/vgpreload_memcheck-amd64-linux.so)
==857==    by 0x4AA23B7: _nc_doalloc (in /usr/lib/x86_64-linux-gnu/libtinfo.so.6.2)
==857==    by 0x4AAB6B0: _nc_read_termtype (in /usr/lib/x86_64-linux-gnu/libtinfo.so.6.2)
==857==    by 0x4AABA8C: ??? (in /usr/lib/x86_64-linux-gnu/libtinfo.so.6.2)
==857==    by 0x4AABE83: ??? (in /usr/lib/x86_64-linux-gnu/libtinfo.so.6.2)
==857==    by 0x4AABFB4: _nc_read_entry2 (in /usr/lib/x86_64-linux-gnu/libtinfo.so.6.2)
==857==    by 0x4AA4AF5: ??? (in /usr/lib/x86_64-linux-gnu/libtinfo.so.6.2)
==857==    by 0x4AA4F04: _nc_setupterm (in /usr/lib/x86_64-linux-gnu/libtinfo.so.6.2)
==857==    by 0x4AA5459: tgetent_sp (in /usr/lib/x86_64-linux-gnu/libtinfo.so.6.2)
==857==    by 0x488075B: _rl_init_terminal_io (in /usr/lib/x86_64-linux-gnu/libreadline.so.8.0)
==857==    by 0x48651FF: rl_initialize (in /usr/lib/x86_64-linux-gnu/libreadline.so.8.0)
==857==    by 0x48654AF: readline (in /usr/lib/x86_64-linux-gnu/libreadline.so.8.0)
==857== 
==857== 3,792 bytes in 1 blocks are still reachable in loss record 39 of 62
==857==    at 0x483B7F3: malloc (in /usr/lib/x86_64-linux-gnu/valgrind/vgpreload_memcheck-amd64-linux.so)
==857==    by 0x4AA026F: ??? (in /usr/lib/x86_64-linux-gnu/libtinfo.so.6.2)
==857==    by 0x4AA4F1B: _nc_setupterm (in /usr/lib/x86_64-linux-gnu/libtinfo.so.6.2)
==857==    by 0x4AA5459: tgetent_sp (in /usr/lib/x86_64-linux-gnu/libtinfo.so.6.2)
==857==    by 0x488075B: _rl_init_terminal_io (in /usr/lib/x86_64-linux-gnu/libreadline.so.8.0)
==857==    by 0x48651FF: rl_initialize (in /usr/lib/x86_64-linux-gnu/libreadline.so.8.0)
==857==    by 0x48654AF: readline (in /usr/lib/x86_64-linux-gnu/libreadline.so.8.0)
==857==    by 0x10E7B1: main (in /home/vscode/src/minishell)
==857== 
==857== 4,016 bytes in 1 blocks are still reachable in loss record 40 of 62
==857==    at 0x483B7F3: malloc (in /usr/lib/x86_64-linux-gnu/valgrind/vgpreload_memcheck-amd64-linux.so)
==857==    by 0x488B00C: xmalloc (in /usr/lib/x86_64-linux-gnu/libreadline.so.8.0)
==857==    by 0x4884A5B: add_history (in /usr/lib/x86_64-linux-gnu/libreadline.so.8.0)
==857==    by 0x10E7FA: main (in /home/vscode/src/minishell)
==857== 
==857== 4,080 bytes in 1 blocks are still reachable in loss record 41 of 62
==857==    at 0x483B7F3: malloc (in /usr/lib/x86_64-linux-gnu/valgrind/vgpreload_memcheck-amd64-linux.so)
==857==    by 0x488B00C: xmalloc (in /usr/lib/x86_64-linux-gnu/libreadline.so.8.0)
==857==    by 0x48809B9: _rl_init_terminal_io (in /usr/lib/x86_64-linux-gnu/libreadline.so.8.0)
==857==    by 0x48651FF: rl_initialize (in /usr/lib/x86_64-linux-gnu/libreadline.so.8.0)
==857==    by 0x48654AF: readline (in /usr/lib/x86_64-linux-gnu/libreadline.so.8.0)
==857==    by 0x10E7B1: main (in /home/vscode/src/minishell)
==857== 
==857== 4,112 bytes in 1 blocks are still reachable in loss record 42 of 62
==857==    at 0x483B7F3: malloc (in /usr/lib/x86_64-linux-gnu/valgrind/vgpreload_memcheck-amd64-linux.so)
==857==    by 0x488B00C: xmalloc (in /usr/lib/x86_64-linux-gnu/libreadline.so.8.0)
==857==    by 0x4869A91: rl_make_bare_keymap (in /usr/lib/x86_64-linux-gnu/libreadline.so.8.0)
==857==    by 0x4870D79: rl_generic_bind (in /usr/lib/x86_64-linux-gnu/libreadline.so.8.0)
==857==    by 0x4871F1D: rl_bind_keyseq_if_unbound_in_map (in /usr/lib/x86_64-linux-gnu/libreadline.so.8.0)
==857==    by 0x487FF45: ??? (in /usr/lib/x86_64-linux-gnu/libreadline.so.8.0)
==857==    by 0x4880897: _rl_init_terminal_io (in /usr/lib/x86_64-linux-gnu/libreadline.so.8.0)
==857==    by 0x48651FF: rl_initialize (in /usr/lib/x86_64-linux-gnu/libreadline.so.8.0)
==857==    by 0x48654AF: readline (in /usr/lib/x86_64-linux-gnu/libreadline.so.8.0)
==857==    by 0x10E7B1: main (in /home/vscode/src/minishell)
==857== 
==857== 4,112 bytes in 1 blocks are still reachable in loss record 43 of 62
==857==    at 0x483B7F3: malloc (in /usr/lib/x86_64-linux-gnu/valgrind/vgpreload_memcheck-amd64-linux.so)
==857==    by 0x488B00C: xmalloc (in /usr/lib/x86_64-linux-gnu/libreadline.so.8.0)
==857==    by 0x4869A91: rl_make_bare_keymap (in /usr/lib/x86_64-linux-gnu/libreadline.so.8.0)
==857==    by 0x4870D79: rl_generic_bind (in /usr/lib/x86_64-linux-gnu/libreadline.so.8.0)
==857==    by 0x4871F1D: rl_bind_keyseq_if_unbound_in_map (in /usr/lib/x86_64-linux-gnu/libreadline.so.8.0)
==857==    by 0x487FFCA: ??? (in /usr/lib/x86_64-linux-gnu/libreadline.so.8.0)
==857==    by 0x4880897: _rl_init_terminal_io (in /usr/lib/x86_64-linux-gnu/libreadline.so.8.0)
==857==    by 0x48651FF: rl_initialize (in /usr/lib/x86_64-linux-gnu/libreadline.so.8.0)
==857==    by 0x48654AF: readline (in /usr/lib/x86_64-linux-gnu/libreadline.so.8.0)
==857==    by 0x10E7B1: main (in /home/vscode/src/minishell)
==857== 
==857== 4,112 bytes in 1 blocks are still reachable in loss record 44 of 62
==857==    at 0x483B7F3: malloc (in /usr/lib/x86_64-linux-gnu/valgrind/vgpreload_memcheck-amd64-linux.so)
==857==    by 0x488B00C: xmalloc (in /usr/lib/x86_64-linux-gnu/libreadline.so.8.0)
==857==    by 0x4869A91: rl_make_bare_keymap (in /usr/lib/x86_64-linux-gnu/libreadline.so.8.0)
==857==    by 0x4870D79: rl_generic_bind (in /usr/lib/x86_64-linux-gnu/libreadline.so.8.0)
==857==    by 0x4871F1D: rl_bind_keyseq_if_unbound_in_map (in /usr/lib/x86_64-linux-gnu/libreadline.so.8.0)
==857==    by 0x487FFCA: ??? (in /usr/lib/x86_64-linux-gnu/libreadline.so.8.0)
==857==    by 0x48808A3: _rl_init_terminal_io (in /usr/lib/x86_64-linux-gnu/libreadline.so.8.0)
==857==    by 0x48651FF: rl_initialize (in /usr/lib/x86_64-linux-gnu/libreadline.so.8.0)
==857==    by 0x48654AF: readline (in /usr/lib/x86_64-linux-gnu/libreadline.so.8.0)
==857==    by 0x10E7B1: main (in /home/vscode/src/minishell)
==857== 
==857== 4,112 bytes in 1 blocks are still reachable in loss record 45 of 62
==857==    at 0x483B7F3: malloc (in /usr/lib/x86_64-linux-gnu/valgrind/vgpreload_memcheck-amd64-linux.so)
==857==    by 0x488B00C: xmalloc (in /usr/lib/x86_64-linux-gnu/libreadline.so.8.0)
==857==    by 0x4869A91: rl_make_bare_keymap (in /usr/lib/x86_64-linux-gnu/libreadline.so.8.0)
==857==    by 0x4870D79: rl_generic_bind (in /usr/lib/x86_64-linux-gnu/libreadline.so.8.0)
==857==    by 0x4871F1D: rl_bind_keyseq_if_unbound_in_map (in /usr/lib/x86_64-linux-gnu/libreadline.so.8.0)
==857==    by 0x487FFCA: ??? (in /usr/lib/x86_64-linux-gnu/libreadline.so.8.0)
==857==    by 0x48808AF: _rl_init_terminal_io (in /usr/lib/x86_64-linux-gnu/libreadline.so.8.0)
==857==    by 0x48651FF: rl_initialize (in /usr/lib/x86_64-linux-gnu/libreadline.so.8.0)
==857==    by 0x48654AF: readline (in /usr/lib/x86_64-linux-gnu/libreadline.so.8.0)
==857==    by 0x10E7B1: main (in /home/vscode/src/minishell)
==857== 
==857== 4,112 bytes in 1 blocks are still reachable in loss record 46 of 62
==857==    at 0x483B7F3: malloc (in /usr/lib/x86_64-linux-gnu/valgrind/vgpreload_memcheck-amd64-linux.so)
==857==    by 0x488B00C: xmalloc (in /usr/lib/x86_64-linux-gnu/libreadline.so.8.0)
==857==    by 0x4869A91: rl_make_bare_keymap (in /usr/lib/x86_64-linux-gnu/libreadline.so.8.0)
==857==    by 0x4870D79: rl_generic_bind (in /usr/lib/x86_64-linux-gnu/libreadline.so.8.0)
==857==    by 0x4871F1D: rl_bind_keyseq_if_unbound_in_map (in /usr/lib/x86_64-linux-gnu/libreadline.so.8.0)
==857==    by 0x4863F72: ??? (in /usr/lib/x86_64-linux-gnu/libreadline.so.8.0)
==857==    by 0x4865274: rl_initialize (in /usr/lib/x86_64-linux-gnu/libreadline.so.8.0)
==857==    by 0x48654AF: readline (in /usr/lib/x86_64-linux-gnu/libreadline.so.8.0)
==857==    by 0x10E7B1: main (in /home/vscode/src/minishell)
==857== 
==857== 4,112 bytes in 1 blocks are still reachable in loss record 47 of 62
==857==    at 0x483B7F3: malloc (in /usr/lib/x86_64-linux-gnu/valgrind/vgpreload_memcheck-amd64-linux.so)
==857==    by 0x488B00C: xmalloc (in /usr/lib/x86_64-linux-gnu/libreadline.so.8.0)
==857==    by 0x4869A91: rl_make_bare_keymap (in /usr/lib/x86_64-linux-gnu/libreadline.so.8.0)
==857==    by 0x4870D79: rl_generic_bind (in /usr/lib/x86_64-linux-gnu/libreadline.so.8.0)
==857==    by 0x4871F1D: rl_bind_keyseq_if_unbound_in_map (in /usr/lib/x86_64-linux-gnu/libreadline.so.8.0)
==857==    by 0x4863F72: ??? (in /usr/lib/x86_64-linux-gnu/libreadline.so.8.0)
==857==    by 0x4865283: rl_initialize (in /usr/lib/x86_64-linux-gnu/libreadline.so.8.0)
==857==    by 0x48654AF: readline (in /usr/lib/x86_64-linux-gnu/libreadline.so.8.0)
==857==    by 0x10E7B1: main (in /home/vscode/src/minishell)
==857== 
==857== 4,112 bytes in 1 blocks are still reachable in loss record 48 of 62
==857==    at 0x483B7F3: malloc (in /usr/lib/x86_64-linux-gnu/valgrind/vgpreload_memcheck-amd64-linux.so)
==857==    by 0x488B00C: xmalloc (in /usr/lib/x86_64-linux-gnu/libreadline.so.8.0)
==857==    by 0x4869A91: rl_make_bare_keymap (in /usr/lib/x86_64-linux-gnu/libreadline.so.8.0)
==857==    by 0x4870D79: rl_generic_bind (in /usr/lib/x86_64-linux-gnu/libreadline.so.8.0)
==857==    by 0x4871F1D: rl_bind_keyseq_if_unbound_in_map (in /usr/lib/x86_64-linux-gnu/libreadline.so.8.0)
==857==    by 0x4863F72: ??? (in /usr/lib/x86_64-linux-gnu/libreadline.so.8.0)
==857==    by 0x48652A1: rl_initialize (in /usr/lib/x86_64-linux-gnu/libreadline.so.8.0)
==857==    by 0x48654AF: readline (in /usr/lib/x86_64-linux-gnu/libreadline.so.8.0)
==857==    by 0x10E7B1: main (in /home/vscode/src/minishell)
==857== 
==857== 7,952 bytes in 1 blocks are still reachable in loss record 49 of 62
==857==    at 0x483DD99: calloc (in /usr/lib/x86_64-linux-gnu/valgrind/vgpreload_memcheck-amd64-linux.so)
==857==    by 0x4AA1067: ??? (in /usr/lib/x86_64-linux-gnu/libtinfo.so.6.2)
==857==    by 0x4AA185F: _nc_find_type_entry (in /usr/lib/x86_64-linux-gnu/libtinfo.so.6.2)
==857==    by 0x4AA5D9C: tgetstr_sp (in /usr/lib/x86_64-linux-gnu/libtinfo.so.6.2)
==857==    by 0x488079B: _rl_init_terminal_io (in /usr/lib/x86_64-linux-gnu/libreadline.so.8.0)
==857==    by 0x48651FF: rl_initialize (in /usr/lib/x86_64-linux-gnu/libreadline.so.8.0)
==857==    by 0x48654AF: readline (in /usr/lib/x86_64-linux-gnu/libreadline.so.8.0)
==857==    by 0x10E7B1: main (in /home/vscode/src/minishell)
==857== 
==857== 8,224 bytes in 2 blocks are still reachable in loss record 50 of 62
==857==    at 0x483B7F3: malloc (in /usr/lib/x86_64-linux-gnu/valgrind/vgpreload_memcheck-amd64-linux.so)
==857==    by 0x488B00C: xmalloc (in /usr/lib/x86_64-linux-gnu/libreadline.so.8.0)
==857==    by 0x4869A91: rl_make_bare_keymap (in /usr/lib/x86_64-linux-gnu/libreadline.so.8.0)
==857==    by 0x4870D79: rl_generic_bind (in /usr/lib/x86_64-linux-gnu/libreadline.so.8.0)
==857==    by 0x4871F1D: rl_bind_keyseq_if_unbound_in_map (in /usr/lib/x86_64-linux-gnu/libreadline.so.8.0)
==857==    by 0x487FFB7: ??? (in /usr/lib/x86_64-linux-gnu/libreadline.so.8.0)
==857==    by 0x4880897: _rl_init_terminal_io (in /usr/lib/x86_64-linux-gnu/libreadline.so.8.0)
==857==    by 0x48651FF: rl_initialize (in /usr/lib/x86_64-linux-gnu/libreadline.so.8.0)
==857==    by 0x48654AF: readline (in /usr/lib/x86_64-linux-gnu/libreadline.so.8.0)
==857==    by 0x10E7B1: main (in /home/vscode/src/minishell)
==857== 
==857== 8,224 bytes in 2 blocks are still reachable in loss record 51 of 62
==857==    at 0x483B7F3: malloc (in /usr/lib/x86_64-linux-gnu/valgrind/vgpreload_memcheck-amd64-linux.so)
==857==    by 0x488B00C: xmalloc (in /usr/lib/x86_64-linux-gnu/libreadline.so.8.0)
==857==    by 0x4869A91: rl_make_bare_keymap (in /usr/lib/x86_64-linux-gnu/libreadline.so.8.0)
==857==    by 0x4870D79: rl_generic_bind (in /usr/lib/x86_64-linux-gnu/libreadline.so.8.0)
==857==    by 0x4871F1D: rl_bind_keyseq_if_unbound_in_map (in /usr/lib/x86_64-linux-gnu/libreadline.so.8.0)
==857==    by 0x487FF45: ??? (in /usr/lib/x86_64-linux-gnu/libreadline.so.8.0)
==857==    by 0x48808A3: _rl_init_terminal_io (in /usr/lib/x86_64-linux-gnu/libreadline.so.8.0)
==857==    by 0x48651FF: rl_initialize (in /usr/lib/x86_64-linux-gnu/libreadline.so.8.0)
==857==    by 0x48654AF: readline (in /usr/lib/x86_64-linux-gnu/libreadline.so.8.0)
==857==    by 0x10E7B1: main (in /home/vscode/src/minishell)
==857== 
==857== 8,224 bytes in 2 blocks are still reachable in loss record 52 of 62
==857==    at 0x483B7F3: malloc (in /usr/lib/x86_64-linux-gnu/valgrind/vgpreload_memcheck-amd64-linux.so)
==857==    by 0x488B00C: xmalloc (in /usr/lib/x86_64-linux-gnu/libreadline.so.8.0)
==857==    by 0x4869A91: rl_make_bare_keymap (in /usr/lib/x86_64-linux-gnu/libreadline.so.8.0)
==857==    by 0x4870D79: rl_generic_bind (in /usr/lib/x86_64-linux-gnu/libreadline.so.8.0)
==857==    by 0x4871F1D: rl_bind_keyseq_if_unbound_in_map (in /usr/lib/x86_64-linux-gnu/libreadline.so.8.0)
==857==    by 0x487FFB7: ??? (in /usr/lib/x86_64-linux-gnu/libreadline.so.8.0)
==857==    by 0x48808A3: _rl_init_terminal_io (in /usr/lib/x86_64-linux-gnu/libreadline.so.8.0)
==857==    by 0x48651FF: rl_initialize (in /usr/lib/x86_64-linux-gnu/libreadline.so.8.0)
==857==    by 0x48654AF: readline (in /usr/lib/x86_64-linux-gnu/libreadline.so.8.0)
==857==    by 0x10E7B1: main (in /home/vscode/src/minishell)
==857== 
==857== 8,224 bytes in 2 blocks are still reachable in loss record 53 of 62
==857==    at 0x483B7F3: malloc (in /usr/lib/x86_64-linux-gnu/valgrind/vgpreload_memcheck-amd64-linux.so)
==857==    by 0x488B00C: xmalloc (in /usr/lib/x86_64-linux-gnu/libreadline.so.8.0)
==857==    by 0x4869A91: rl_make_bare_keymap (in /usr/lib/x86_64-linux-gnu/libreadline.so.8.0)
==857==    by 0x4870D79: rl_generic_bind (in /usr/lib/x86_64-linux-gnu/libreadline.so.8.0)
==857==    by 0x4871F1D: rl_bind_keyseq_if_unbound_in_map (in /usr/lib/x86_64-linux-gnu/libreadline.so.8.0)
==857==    by 0x487FF45: ??? (in /usr/lib/x86_64-linux-gnu/libreadline.so.8.0)
==857==    by 0x48808AF: _rl_init_terminal_io (in /usr/lib/x86_64-linux-gnu/libreadline.so.8.0)
==857==    by 0x48651FF: rl_initialize (in /usr/lib/x86_64-linux-gnu/libreadline.so.8.0)
==857==    by 0x48654AF: readline (in /usr/lib/x86_64-linux-gnu/libreadline.so.8.0)
==857==    by 0x10E7B1: main (in /home/vscode/src/minishell)
==857== 
==857== 8,224 bytes in 2 blocks are still reachable in loss record 54 of 62
==857==    at 0x483B7F3: malloc (in /usr/lib/x86_64-linux-gnu/valgrind/vgpreload_memcheck-amd64-linux.so)
==857==    by 0x488B00C: xmalloc (in /usr/lib/x86_64-linux-gnu/libreadline.so.8.0)
==857==    by 0x4869A91: rl_make_bare_keymap (in /usr/lib/x86_64-linux-gnu/libreadline.so.8.0)
==857==    by 0x4870D79: rl_generic_bind (in /usr/lib/x86_64-linux-gnu/libreadline.so.8.0)
==857==    by 0x4871F1D: rl_bind_keyseq_if_unbound_in_map (in /usr/lib/x86_64-linux-gnu/libreadline.so.8.0)
==857==    by 0x487FFB7: ??? (in /usr/lib/x86_64-linux-gnu/libreadline.so.8.0)
==857==    by 0x48808AF: _rl_init_terminal_io (in /usr/lib/x86_64-linux-gnu/libreadline.so.8.0)
==857==    by 0x48651FF: rl_initialize (in /usr/lib/x86_64-linux-gnu/libreadline.so.8.0)
==857==    by 0x48654AF: readline (in /usr/lib/x86_64-linux-gnu/libreadline.so.8.0)
==857==    by 0x10E7B1: main (in /home/vscode/src/minishell)
==857== 
==857== 8,224 bytes in 2 blocks are still reachable in loss record 55 of 62
==857==    at 0x483B7F3: malloc (in /usr/lib/x86_64-linux-gnu/valgrind/vgpreload_memcheck-amd64-linux.so)
==857==    by 0x488B00C: xmalloc (in /usr/lib/x86_64-linux-gnu/libreadline.so.8.0)
==857==    by 0x4869A91: rl_make_bare_keymap (in /usr/lib/x86_64-linux-gnu/libreadline.so.8.0)
==857==    by 0x4870D79: rl_generic_bind (in /usr/lib/x86_64-linux-gnu/libreadline.so.8.0)
==857==    by 0x4871F1D: rl_bind_keyseq_if_unbound_in_map (in /usr/lib/x86_64-linux-gnu/libreadline.so.8.0)
==857==    by 0x4863F63: ??? (in /usr/lib/x86_64-linux-gnu/libreadline.so.8.0)
==857==    by 0x4865274: rl_initialize (in /usr/lib/x86_64-linux-gnu/libreadline.so.8.0)
==857==    by 0x48654AF: readline (in /usr/lib/x86_64-linux-gnu/libreadline.so.8.0)
==857==    by 0x10E7B1: main (in /home/vscode/src/minishell)
==857== 
==857== 8,224 bytes in 2 blocks are still reachable in loss record 56 of 62
==857==    at 0x483B7F3: malloc (in /usr/lib/x86_64-linux-gnu/valgrind/vgpreload_memcheck-amd64-linux.so)
==857==    by 0x488B00C: xmalloc (in /usr/lib/x86_64-linux-gnu/libreadline.so.8.0)
==857==    by 0x4869A91: rl_make_bare_keymap (in /usr/lib/x86_64-linux-gnu/libreadline.so.8.0)
==857==    by 0x4870D79: rl_generic_bind (in /usr/lib/x86_64-linux-gnu/libreadline.so.8.0)
==857==    by 0x4871F1D: rl_bind_keyseq_if_unbound_in_map (in /usr/lib/x86_64-linux-gnu/libreadline.so.8.0)
==857==    by 0x4863F63: ??? (in /usr/lib/x86_64-linux-gnu/libreadline.so.8.0)
==857==    by 0x4865283: rl_initialize (in /usr/lib/x86_64-linux-gnu/libreadline.so.8.0)
==857==    by 0x48654AF: readline (in /usr/lib/x86_64-linux-gnu/libreadline.so.8.0)
==857==    by 0x10E7B1: main (in /home/vscode/src/minishell)
==857== 
==857== 8,224 bytes in 2 blocks are still reachable in loss record 57 of 62
==857==    at 0x483B7F3: malloc (in /usr/lib/x86_64-linux-gnu/valgrind/vgpreload_memcheck-amd64-linux.so)
==857==    by 0x488B00C: xmalloc (in /usr/lib/x86_64-linux-gnu/libreadline.so.8.0)
==857==    by 0x4869A91: rl_make_bare_keymap (in /usr/lib/x86_64-linux-gnu/libreadline.so.8.0)
==857==    by 0x4870D79: rl_generic_bind (in /usr/lib/x86_64-linux-gnu/libreadline.so.8.0)
==857==    by 0x4871F1D: rl_bind_keyseq_if_unbound_in_map (in /usr/lib/x86_64-linux-gnu/libreadline.so.8.0)
==857==    by 0x4863F63: ??? (in /usr/lib/x86_64-linux-gnu/libreadline.so.8.0)
==857==    by 0x48652A1: rl_initialize (in /usr/lib/x86_64-linux-gnu/libreadline.so.8.0)
==857==    by 0x48654AF: readline (in /usr/lib/x86_64-linux-gnu/libreadline.so.8.0)
==857==    by 0x10E7B1: main (in /home/vscode/src/minishell)
==857== 
==857== 8,224 bytes in 2 blocks are still reachable in loss record 58 of 62
==857==    at 0x483B7F3: malloc (in /usr/lib/x86_64-linux-gnu/valgrind/vgpreload_memcheck-amd64-linux.so)
==857==    by 0x488B00C: xmalloc (in /usr/lib/x86_64-linux-gnu/libreadline.so.8.0)
==857==    by 0x4869A91: rl_make_bare_keymap (in /usr/lib/x86_64-linux-gnu/libreadline.so.8.0)
==857==    by 0x4870D79: rl_generic_bind (in /usr/lib/x86_64-linux-gnu/libreadline.so.8.0)
==857==    by 0x4871F1D: rl_bind_keyseq_if_unbound_in_map (in /usr/lib/x86_64-linux-gnu/libreadline.so.8.0)
==857==    by 0x48652BF: rl_initialize (in /usr/lib/x86_64-linux-gnu/libreadline.so.8.0)
==857==    by 0x48654AF: readline (in /usr/lib/x86_64-linux-gnu/libreadline.so.8.0)
==857==    by 0x10E7B1: main (in /home/vscode/src/minishell)
==857== 
==857== 8,224 bytes in 2 blocks are still reachable in loss record 59 of 62
==857==    at 0x483B7F3: malloc (in /usr/lib/x86_64-linux-gnu/valgrind/vgpreload_memcheck-amd64-linux.so)
==857==    by 0x488B00C: xmalloc (in /usr/lib/x86_64-linux-gnu/libreadline.so.8.0)
==857==    by 0x4869A91: rl_make_bare_keymap (in /usr/lib/x86_64-linux-gnu/libreadline.so.8.0)
==857==    by 0x4870D79: rl_generic_bind (in /usr/lib/x86_64-linux-gnu/libreadline.so.8.0)
==857==    by 0x4871F1D: rl_bind_keyseq_if_unbound_in_map (in /usr/lib/x86_64-linux-gnu/libreadline.so.8.0)
==857==    by 0x48652D2: rl_initialize (in /usr/lib/x86_64-linux-gnu/libreadline.so.8.0)
==857==    by 0x48654AF: readline (in /usr/lib/x86_64-linux-gnu/libreadline.so.8.0)
==857==    by 0x10E7B1: main (in /home/vscode/src/minishell)
==857== 
==857== 12,336 bytes in 3 blocks are still reachable in loss record 60 of 62
==857==    at 0x483B7F3: malloc (in /usr/lib/x86_64-linux-gnu/valgrind/vgpreload_memcheck-amd64-linux.so)
==857==    by 0x488B00C: xmalloc (in /usr/lib/x86_64-linux-gnu/libreadline.so.8.0)
==857==    by 0x4869A91: rl_make_bare_keymap (in /usr/lib/x86_64-linux-gnu/libreadline.so.8.0)
==857==    by 0x4870D79: rl_generic_bind (in /usr/lib/x86_64-linux-gnu/libreadline.so.8.0)
==857==    by 0x4871F1D: rl_bind_keyseq_if_unbound_in_map (in /usr/lib/x86_64-linux-gnu/libreadline.so.8.0)
==857==    by 0x4863F3A: ??? (in /usr/lib/x86_64-linux-gnu/libreadline.so.8.0)
==857==    by 0x4865283: rl_initialize (in /usr/lib/x86_64-linux-gnu/libreadline.so.8.0)
==857==    by 0x48654AF: readline (in /usr/lib/x86_64-linux-gnu/libreadline.so.8.0)
==857==    by 0x10E7B1: main (in /home/vscode/src/minishell)
==857== 
==857== 12,336 bytes in 3 blocks are still reachable in loss record 61 of 62
==857==    at 0x483B7F3: malloc (in /usr/lib/x86_64-linux-gnu/valgrind/vgpreload_memcheck-amd64-linux.so)
==857==    by 0x488B00C: xmalloc (in /usr/lib/x86_64-linux-gnu/libreadline.so.8.0)
==857==    by 0x4869A91: rl_make_bare_keymap (in /usr/lib/x86_64-linux-gnu/libreadline.so.8.0)
==857==    by 0x4870D79: rl_generic_bind (in /usr/lib/x86_64-linux-gnu/libreadline.so.8.0)
==857==    by 0x4871F1D: rl_bind_keyseq_if_unbound_in_map (in /usr/lib/x86_64-linux-gnu/libreadline.so.8.0)
==857==    by 0x4863F3A: ??? (in /usr/lib/x86_64-linux-gnu/libreadline.so.8.0)
==857==    by 0x48652A1: rl_initialize (in /usr/lib/x86_64-linux-gnu/libreadline.so.8.0)
==857==    by 0x48654AF: readline (in /usr/lib/x86_64-linux-gnu/libreadline.so.8.0)
==857==    by 0x10E7B1: main (in /home/vscode/src/minishell)
==857== 
==857== 28,784 bytes in 7 blocks are still reachable in loss record 62 of 62
==857==    at 0x483B7F3: malloc (in /usr/lib/x86_64-linux-gnu/valgrind/vgpreload_memcheck-amd64-linux.so)
==857==    by 0x488B00C: xmalloc (in /usr/lib/x86_64-linux-gnu/libreadline.so.8.0)
==857==    by 0x4869A91: rl_make_bare_keymap (in /usr/lib/x86_64-linux-gnu/libreadline.so.8.0)
==857==    by 0x4870D79: rl_generic_bind (in /usr/lib/x86_64-linux-gnu/libreadline.so.8.0)
==857==    by 0x4872A92: rl_parse_and_bind (in /usr/lib/x86_64-linux-gnu/libreadline.so.8.0)
==857==    by 0x4872C6C: ??? (in /usr/lib/x86_64-linux-gnu/libreadline.so.8.0)
==857==    by 0x4865228: rl_initialize (in /usr/lib/x86_64-linux-gnu/libreadline.so.8.0)
==857==    by 0x48654AF: readline (in /usr/lib/x86_64-linux-gnu/libreadline.so.8.0)
==857==    by 0x10E7B1: main (in /home/vscode/src/minishell)
==857== 
==857== LEAK SUMMARY:
==857==    definitely lost: 0 bytes in 0 blocks
==857==    indirectly lost: 0 bytes in 0 blocks
==857==      possibly lost: 0 bytes in 0 blocks
==857==    still reachable: 204,535 bytes in 219 blocks
==857==         suppressed: 0 bytes in 0 blocks
==857== 
==857== For lists of detected and suppressed errors, rerun with: -s
==857== ERROR SUMMARY: 0 errors from 0 contexts (suppressed: 0 from 0)
